d:\hlocal\2.gdv\dsi\dsi---wii\dsi---wii\debug\vc120.pdb
d:\hlocal\2.gdv\dsi\dsi---wii\dsi---wii\debug\vc120.idb
d:\hlocal\2.gdv\dsi\dsi---wii\dsi---wii\debug\wiimote.obj
d:\hlocal\2.gdv\dsi\dsi---wii\dsi---wii\debug\usbhid.obj
d:\hlocal\2.gdv\dsi\dsi---wii\dsi---wii\debug\rumblecontroller.obj
d:\hlocal\2.gdv\dsi\dsi---wii\dsi---wii\debug\hidxbox.obj
d:\hlocal\2.gdv\dsi\dsi---wii\dsi---wii\debug\hidwii.obj
d:\hlocal\2.gdv\dsi\dsi---wii\dsi---wii\debug\hid.obj
d:\hlocal\2.gdv\dsi\dsi---wii\dsi---wii\debug\rumblecontroller.ilk
d:\hlocal\2.gdv\dsi\dsi---wii\dsi---wii\debug\rumblecontroller.exe
d:\hlocal\2.gdv\dsi\dsi---wii\dsi---wii\debug\rumblecontroller.pdb
d:\hlocal\2.gdv\dsi\dsi---wii\dsi---wii\debug\rumblecontroller.res
d:\hlocal\2.gdv\dsi\dsi---wii\dsi---wii\debug\rumblecontroller.tlog\cl.command.1.tlog
d:\hlocal\2.gdv\dsi\dsi---wii\dsi---wii\debug\rumblecontroller.tlog\cl.read.1.tlog
d:\hlocal\2.gdv\dsi\dsi---wii\dsi---wii\debug\rumblecontroller.tlog\cl.write.1.tlog
d:\hlocal\2.gdv\dsi\dsi---wii\dsi---wii\debug\rumblecontroller.tlog\link.command.1.tlog
d:\hlocal\2.gdv\dsi\dsi---wii\dsi---wii\debug\rumblecontroller.tlog\link.read.1.tlog
d:\hlocal\2.gdv\dsi\dsi---wii\dsi---wii\debug\rumblecontroller.tlog\link.write.1.tlog
d:\hlocal\2.gdv\dsi\dsi---wii\dsi---wii\debug\rumblecontroller.tlog\rc.command.1.tlog
d:\hlocal\2.gdv\dsi\dsi---wii\dsi---wii\debug\rumblecontroller.tlog\rc.read.1.tlog
d:\hlocal\2.gdv\dsi\dsi---wii\dsi---wii\debug\rumblecontroller.tlog\rc.write.1.tlog
